<?xml version="1.0" encoding="UTF-8"?>
<!-- Generated by org.testng.reporters.JUnitXMLReporter -->
<testsuite hostname="DESKTOP-H15PPEL" ignored="0" name="SampleTest" tests="3" failures="0" timestamp="03 Feb 2019 16:50:09 GMT" time="0.029" errors="0">
  <testcase name="testMethod" time="0.006" classname="testGitPack.TestGitClass"/>
  <testcase name="testMethod" time="0.0" classname="testGitPack.TestGitClass2"/>
  <testcase name="testMethod" time="0.0" classname="testGitPack.TestGitClass3"/>
</testsuite> <!-- SampleTest -->
