<?xml version="1.0" encoding="UTF-8"?>
<testng-results skipped="0" failed="0" ignored="0" total="3" passed="3">
  <reporter-output>
  </reporter-output>
  <suite name="SampleSuite" duration-ms="29" started-at="2019-02-03T16:50:09Z" finished-at="2019-02-03T16:50:09Z">
    <groups>
    </groups>
    <test name="SampleTest" duration-ms="29" started-at="2019-02-03T16:50:09Z" finished-at="2019-02-03T16:50:09Z">
      <class name="testGitPack.TestGitClass3">
        <test-method status="PASS" signature="testMethod()[pri:0, instance:testGitPack.TestGitClass3@1a407d53]" name="testMethod" duration-ms="0" started-at="2019-02-03T16:50:09Z" finished-at="2019-02-03T16:50:09Z">
          <reporter-output>
          </reporter-output>
        </test-method> <!-- testMethod -->
      </class> <!-- testGitPack.TestGitClass3 -->
      <class name="testGitPack.TestGitClass2">
        <test-method status="PASS" signature="testMethod()[pri:0, instance:testGitPack.TestGitClass2@3498ed]" name="testMethod" duration-ms="0" started-at="2019-02-03T16:50:09Z" finished-at="2019-02-03T16:50:09Z">
          <reporter-output>
          </reporter-output>
        </test-method> <!-- testMethod -->
      </class> <!-- testGitPack.TestGitClass2 -->
      <class name="testGitPack.TestGitClass">
        <test-method status="PASS" signature="testMethod()[pri:0, instance:testGitPack.TestGitClass@6aaa5eb0]" name="testMethod" duration-ms="6" started-at="2019-02-03T16:50:09Z" finished-at="2019-02-03T16:50:09Z">
          <reporter-output>
          </reporter-output>
        </test-method> <!-- testMethod -->
      </class> <!-- testGitPack.TestGitClass -->
    </test> <!-- SampleTest -->
  </suite> <!-- SampleSuite -->
</testng-results>
