<?xml version="1.0" encoding="UTF-8"?>
<testng-results skipped="0" failed="0" ignored="0" total="1" passed="1">
  <reporter-output>
  </reporter-output>
  <suite name="Default suite" duration-ms="30" started-at="2019-02-03T16:49:30Z" finished-at="2019-02-03T16:49:30Z">
    <groups>
    </groups>
    <test name="Default test" duration-ms="30" started-at="2019-02-03T16:49:30Z" finished-at="2019-02-03T16:49:30Z">
      <class name="testGitPack.TestGitClass3">
        <test-method status="PASS" signature="testMethod()[pri:0, instance:testGitPack.TestGitClass3@28feb3fa]" name="testMethod" duration-ms="8" started-at="2019-02-03T16:49:30Z" finished-at="2019-02-03T16:49:30Z">
          <reporter-output>
          </reporter-output>
        </test-method> <!-- testMethod -->
      </class> <!-- testGitPack.TestGitClass3 -->
    </test> <!-- Default test -->
  </suite> <!-- Default suite -->
</testng-results>
