<?xml version="1.0" encoding="UTF-8"?>
<testng-results skipped="0" failed="0" ignored="0" total="1" passed="1">
  <reporter-output>
  </reporter-output>
  <suite name="SampleSuite" duration-ms="44" started-at="2019-02-03T08:41:30Z" finished-at="2019-02-03T08:41:30Z">
    <groups>
    </groups>
    <test name="SampleTest" duration-ms="44" started-at="2019-02-03T08:41:30Z" finished-at="2019-02-03T08:41:30Z">
      <class name="testGitPack.TestGitClass">
        <test-method status="PASS" signature="testMethod()[pri:0, instance:testGitPack.TestGitClass@28feb3fa]" name="testMethod" duration-ms="14" started-at="2019-02-03T08:41:30Z" finished-at="2019-02-03T08:41:30Z">
          <reporter-output>
          </reporter-output>
        </test-method> <!-- testMethod -->
      </class> <!-- testGitPack.TestGitClass -->
    </test> <!-- SampleTest -->
  </suite> <!-- SampleSuite -->
</testng-results>
